<?xml version="1.0" encoding="UTF-8"?>
<!-- Generated by org.testng.reporters.JUnitReportReporter -->
<testsuite hostname="kumar" failures="0" tests="5" name="com.Kareclouds.TestPages.LoginPageTest" time="79.657" errors="0" timestamp="2022-12-08T11:23:33 IST" skipped="0">
  <testcase classname="com.Kareclouds.TestPages.LoginPageTest" name="verifyEmptyPasswordFiled" time="17.858"/>
  <system-out/>
  <testcase classname="com.Kareclouds.TestPages.LoginPageTest" name="verifyForgotBtnfunction" time="11.727"/>
  <system-out/>
  <testcase classname="com.Kareclouds.TestPages.LoginPageTest" name="VerifyLoginFunction" time="21.301"/>
  <system-out/>
  <testcase classname="com.Kareclouds.TestPages.LoginPageTest" name="verifyloginWithInavalidCredentials" time="15.812"/>
  <system-out/>
  <testcase classname="com.Kareclouds.TestPages.LoginPageTest" name="verifyEmptyUserNameField" time="12.959"/>
  <system-out/>
</testsuite> <!-- com.Kareclouds.TestPages.LoginPageTest -->
