<?xml version="1.0" encoding="UTF-8"?>
<!-- Generated by org.testng.reporters.JUnitReportReporter -->
<testsuite hostname="kumar" failures="0" tests="1" name="com.Kareclouds.TestPages.DashBoardTest" time="21.610" errors="0" timestamp="2022-11-30T17:21:10 IST" skipped="0">
  <testcase classname="com.Kareclouds.TestPages.DashBoardTest" name="clickAndVerifyHospialtLink" time="21.610"/>
  <system-out/>
</testsuite> <!-- com.Kareclouds.TestPages.DashBoardTest -->
