<?xml version="1.0" encoding="UTF-8"?>
<!-- Generated by org.testng.reporters.JUnitReportReporter -->
<testsuite hostname="kumar" failures="0" tests="4" name="com.Kareclouds.TestPages.MainBedTest" time="103.974" errors="0" timestamp="2022-12-16T11:21:56 IST" skipped="0">
  <testcase classname="com.Kareclouds.TestPages.MainBedTest" name="VerifyFloorLink" time="24.635"/>
  <system-out/>
  <testcase classname="com.Kareclouds.TestPages.MainBedTest" name="VerifyBedGroupLink" time="25.050"/>
  <system-out/>
  <testcase classname="com.Kareclouds.TestPages.MainBedTest" name="VerifyBedLink" time="26.778"/>
  <system-out/>
  <testcase classname="com.Kareclouds.TestPages.MainBedTest" name="VerifyBedTypeLink" time="27.511"/>
  <system-out/>
</testsuite> <!-- com.Kareclouds.TestPages.MainBedTest -->
