<?xml version="1.0" encoding="UTF-8"?>
<!-- Generated by org.testng.reporters.JUnitReportReporter -->
<testsuite hostname="kumar" failures="0" tests="1" name="com.Kareclouds.TestPages.LoginPageTest" time="8.787" errors="0" timestamp="2022-12-13T18:17:45 IST" skipped="0">
  <testcase classname="com.Kareclouds.TestPages.LoginPageTest" name="verifyEmptyUserNameField" time="8.787"/>
  <system-out/>
</testsuite> <!-- com.Kareclouds.TestPages.LoginPageTest -->
