<?xml version="1.0" encoding="UTF-8"?>
<!-- Generated by org.testng.reporters.JUnitReportReporter -->
<testsuite hostname="kumar" failures="0" tests="1" name="com.Kareclouds.TestPages.LoginPageTest" time="16.777" errors="0" timestamp="2022-11-30T17:37:02 IST" skipped="0">
  <testcase classname="com.Kareclouds.TestPages.LoginPageTest" name="verifyEmptyUserNameField" time="16.777"/>
  <system-out/>
</testsuite> <!-- com.Kareclouds.TestPages.LoginPageTest -->
