<?xml version="1.0" encoding="UTF-8"?>
<!-- Generated by org.testng.reporters.JUnitReportReporter -->
<testsuite hostname="kumar" failures="0" tests="2" name="com.Kareclouds.TestPages.BedTest" time="46.824" errors="0" timestamp="2022-12-16T11:21:56 IST" skipped="0">
  <testcase classname="com.Kareclouds.TestPages.BedTest" name="VerifySearchOfBedTest" time="24.603"/>
  <system-out/>
  <testcase classname="com.Kareclouds.TestPages.BedTest" name="VerifyfromOfBedTest" time="22.221"/>
  <system-out/>
</testsuite> <!-- com.Kareclouds.TestPages.BedTest -->
