<?xml version="1.0" encoding="UTF-8"?>
<!-- Generated by org.testng.reporters.JUnitReportReporter -->
<testsuite hostname="kumar" failures="0" tests="2" name="com.Kareclouds.TestPages.ChargeCategoryTest" time="43.230" errors="0" timestamp="2022-12-16T11:21:56 IST" skipped="0">
  <testcase classname="com.Kareclouds.TestPages.ChargeCategoryTest" name="VerifyFormDetails" time="22.098"/>
  <system-out/>
  <testcase classname="com.Kareclouds.TestPages.ChargeCategoryTest" name="VerifySearchOptionOfCCP" time="21.132"/>
  <system-out/>
</testsuite> <!-- com.Kareclouds.TestPages.ChargeCategoryTest -->
