<?xml version="1.0" encoding="UTF-8"?>
<!-- Generated by org.testng.reporters.JUnitReportReporter -->
<testsuite hostname="kumar" failures="0" tests="1" name="com.Kareclouds.TestPages.DashBoardTest" time="32.377" errors="0" timestamp="2022-11-23T18:37:22 IST" skipped="0">
  <testcase classname="com.Kareclouds.TestPages.DashBoardTest" name="clickAndVerifyHospialtLink" time="32.377"/>
  <system-out/>
</testsuite> <!-- com.Kareclouds.TestPages.DashBoardTest -->
