<?xml version="1.0" encoding="UTF-8"?>
<!-- Generated by org.testng.reporters.JUnitReportReporter -->
<testsuite hostname="kumar" failures="0" tests="1" name="com.Kareclouds.TestPages.MainBedTest" time="34.580" errors="0" timestamp="2022-12-15T17:00:22 IST" skipped="0">
  <testcase classname="com.Kareclouds.TestPages.MainBedTest" name="VerifyFloorLink" time="34.580"/>
  <system-out/>
</testsuite> <!-- com.Kareclouds.TestPages.MainBedTest -->
