<?xml version="1.0" encoding="UTF-8"?>
<!-- Generated by org.testng.reporters.JUnitReportReporter -->
<testsuite hostname="kumar" failures="0" tests="5" name="com.Kareclouds.TestPages.LoginPageTest" time="59.730" errors="0" timestamp="2022-12-16T11:21:56 IST" skipped="0">
  <testcase classname="com.Kareclouds.TestPages.LoginPageTest" name="verifyEmptyUserNameField" time="6.878"/>
  <system-out/>
  <testcase classname="com.Kareclouds.TestPages.LoginPageTest" name="verifyloginWithInavalidCredentials" time="6.278"/>
  <system-out/>
  <testcase classname="com.Kareclouds.TestPages.LoginPageTest" name="verifyEmptyPasswordFiled" time="7.801"/>
  <system-out/>
  <testcase classname="com.Kareclouds.TestPages.LoginPageTest" name="verifyForgotBtnfunction" time="10.770"/>
  <system-out/>
  <testcase classname="com.Kareclouds.TestPages.LoginPageTest" name="VerifyLoginFunction" time="28.003"/>
  <system-out/>
</testsuite> <!-- com.Kareclouds.TestPages.LoginPageTest -->
