<?xml version="1.0" encoding="UTF-8"?>
<!-- Generated by org.testng.reporters.JUnitReportReporter -->
<testsuite hostname="kumar" failures="0" tests="1" name="com.Kareclouds.TestPages.DashBoardTest" time="29.826" errors="0" timestamp="2022-12-15T15:41:21 IST" skipped="0">
  <testcase classname="com.Kareclouds.TestPages.DashBoardTest" name="clickAndVerifyFrontOfficeLink" time="29.826"/>
  <system-out/>
</testsuite> <!-- com.Kareclouds.TestPages.DashBoardTest -->
