<?xml version="1.0" encoding="UTF-8"?>
<!-- Generated by org.testng.reporters.JUnitReportReporter -->
<testsuite hostname="kumar" failures="0" tests="1" name="com.Kareclouds.TestPages.ChargeTypeTest" time="32.462" errors="0" timestamp="2022-12-15T14:58:27 IST" skipped="0">
  <testcase classname="com.Kareclouds.TestPages.ChargeTypeTest" name="VerifyaddchargetypeForm" time="32.462"/>
  <system-out/>
</testsuite> <!-- com.Kareclouds.TestPages.ChargeTypeTest -->
