<?xml version="1.0" encoding="UTF-8"?>
<!-- Generated by org.testng.reporters.JUnitReportReporter -->
<testsuite hostname="kumar" failures="0" tests="2" name="com.Kareclouds.TestPages.BedTypeTest" time="46.314" errors="0" timestamp="2022-12-16T11:21:56 IST" skipped="0">
  <testcase classname="com.Kareclouds.TestPages.BedTypeTest" name="VerifySearchOptionOfBedType" time="24.192"/>
  <system-out/>
  <testcase classname="com.Kareclouds.TestPages.BedTypeTest" name="VerifyfromOfBedType" time="22.122"/>
  <system-out/>
</testsuite> <!-- com.Kareclouds.TestPages.BedTypeTest -->
