<?xml version="1.0" encoding="UTF-8"?>
<!-- Generated by org.testng.reporters.JUnitReportReporter -->
<testsuite hostname="kumar" failures="0" tests="5" name="com.Kareclouds.TestPages.LoginPageTest" time="76.259" errors="0" timestamp="2022-11-11T17:44:33 IST" skipped="0">
  <testcase classname="com.Kareclouds.TestPages.LoginPageTest" name="verifyEmptyUserNameField" time="24.361"/>
  <system-out/>
  <testcase classname="com.Kareclouds.TestPages.LoginPageTest" name="verifyForgotBtnfunction" time="10.017"/>
  <system-out/>
  <testcase classname="com.Kareclouds.TestPages.LoginPageTest" name="VerifyLoginFunction" time="17.450"/>
  <system-out/>
  <testcase classname="com.Kareclouds.TestPages.LoginPageTest" name="verifyloginWithInavalidCredentials" time="13.450"/>
  <system-out/>
  <testcase classname="com.Kareclouds.TestPages.LoginPageTest" name="verifyEmptyPasswordFiled" time="10.981"/>
  <system-out/>
</testsuite> <!-- com.Kareclouds.TestPages.LoginPageTest -->
