<?xml version="1.0" encoding="UTF-8"?>
<!-- Generated by org.testng.reporters.JUnitReportReporter -->
<testsuite hostname="kumar" failures="0" tests="1" name="com.Kareclouds.TestPages.DoctorOPDChargeTest" time="92.031" errors="0" timestamp="2022-12-15T14:48:51 IST" skipped="0">
  <testcase classname="com.Kareclouds.TestPages.DoctorOPDChargeTest" name="VerifyFormDetails" time="92.031"/>
  <system-out/>
</testsuite> <!-- com.Kareclouds.TestPages.DoctorOPDChargeTest -->
