<?xml version="1.0" encoding="UTF-8"?>
<!-- Generated by org.testng.reporters.JUnitReportReporter -->
<testsuite hostname="kumar" failures="0" tests="2" name="com.Kareclouds.TestPages.ChargeTypeTest" time="59.657" errors="0" timestamp="2022-12-16T11:21:56 IST" skipped="0">
  <testcase classname="com.Kareclouds.TestPages.ChargeTypeTest" name="VerifyaddchargetypeForm" time="23.262"/>
  <system-out/>
  <testcase classname="com.Kareclouds.TestPages.ChargeTypeTest" name="VerifySearchOptionOfCT" time="36.395"/>
  <system-out/>
</testsuite> <!-- com.Kareclouds.TestPages.ChargeTypeTest -->
