<?xml version="1.0" encoding="UTF-8"?>
<!-- Generated by org.testng.reporters.JUnitReportReporter -->
<testsuite hostname="kumar" failures="0" tests="1" name="com.Kareclouds.TestPages.HospitalChargesTest" time="27.091" errors="0" timestamp="2022-12-12T11:46:28 IST" skipped="0">
  <testcase classname="com.Kareclouds.TestPages.HospitalChargesTest" name="verifyTableData" time="27.091"/>
  <system-out/>
</testsuite> <!-- com.Kareclouds.TestPages.HospitalChargesTest -->
