<?xml version="1.0" encoding="UTF-8"?>
<!-- Generated by org.testng.reporters.JUnitReportReporter -->
<testsuite hostname="kumar" failures="0" tests="1" name="com.Kareclouds.TestPages.PatientPageTest" time="51.344" errors="0" timestamp="2022-12-13T18:02:52 IST" skipped="0">
  <testcase classname="com.Kareclouds.TestPages.PatientPageTest" name="verifySortingColumnTabel" time="51.344"/>
  <system-out/>
</testsuite> <!-- com.Kareclouds.TestPages.PatientPageTest -->
