<?xml version="1.0" encoding="UTF-8"?>
<!-- Generated by org.testng.reporters.JUnitReportReporter -->
<testsuite hostname="kumar" failures="0" tests="1" name="com.Kareclouds.TestPages.PatientPageTest" time="56.083" errors="0" timestamp="2022-11-23T10:41:39 IST" skipped="0">
  <testcase classname="com.Kareclouds.TestPages.PatientPageTest" name="verifyFormDetails" time="56.083"/>
  <system-out/>
</testsuite> <!-- com.Kareclouds.TestPages.PatientPageTest -->
