<?xml version="1.0" encoding="UTF-8"?>
<!-- Generated by org.testng.reporters.JUnitReportReporter -->
<testsuite hostname="kumar" failures="0" tests="1" name="com.Kareclouds.TestPages.HospitalChargesTest" time="43.086" errors="0" timestamp="2022-11-28T17:10:15 IST" skipped="0">
  <testcase classname="com.Kareclouds.TestPages.HospitalChargesTest" name="verifyTableData" time="43.086"/>
  <system-out/>
</testsuite> <!-- com.Kareclouds.TestPages.HospitalChargesTest -->
